--- Startup times for process: Primary/TUI ---

times in msec
 clock   self+sourced   self:  sourced script
 clock   elapsed:              other lines

000.001  000.001: --- NVIM STARTING ---
000.179  000.179: event init
000.267  000.088: early init
000.311  000.043: locale set
000.360  000.050: init first window
000.626  000.265: inits 1
000.633  000.007: window checked
000.639  000.006: parsing arguments
001.719  000.547  000.547: require('vim.shared')
002.589  000.284  000.284: require('vim.inspect')
003.132  000.523  000.523: require('vim._options')
003.135  001.411  000.604: require('vim._editor')
003.137  002.085  000.127: require('vim._init_packages')
003.140  000.416: init lua interpreter
004.038  000.898: --- NVIM STARTED ---

--- Startup times for process: Embedded ---

times in msec
 clock   self+sourced   self:  sourced script
 clock   elapsed:              other lines

000.001  000.001: --- NVIM STARTING ---
000.300  000.299: event init
000.445  000.144: early init
000.531  000.087: locale set
000.610  000.079: init first window
001.170  000.560: inits 1
001.194  000.024: window checked
001.199  000.005: parsing arguments
003.766  001.361  001.361: require('vim.shared')
006.006  000.665  000.665: require('vim.inspect')
007.297  001.235  001.235: require('vim._options')
007.304  003.528  001.628: require('vim._editor')
007.308  005.183  000.295: require('vim._init_packages')
007.313  000.931: init lua interpreter
007.442  000.129: expanding arguments
007.478  000.036: inits 2
008.137  000.660: init highlight
008.141  000.004: waiting for UI
008.345  000.204: done waiting for UI
008.357  000.012: clear screen
009.550  000.161  000.161: require('vim.keymap')
010.561  002.185  002.025: require('vim._defaults')
010.571  000.028: init default mappings & autocommands
011.579  000.103  000.103: sourcing /usr/share/nvim/runtime/ftplugin.vim
011.712  000.065  000.065: sourcing /usr/share/nvim/runtime/indent.vim
012.193  000.294  000.294: require('config.opts')
013.740  001.124  001.124: require('lazy')
013.877  000.036  000.036: require('ffi')
015.530  000.748  000.748: require('vim.fs')
016.097  000.404  000.404: require('vim.uri')
016.135  002.249  001.097: require('vim.loader')
016.599  000.420  000.420: require('lazy.stats')
016.999  000.356  000.356: require('lazy.core.util')
017.413  000.407  000.407: require('lazy.core.config')
018.364  000.329  000.329: require('lazy.core.handler')
019.255  000.387  000.387: require('lazy.pkg')
019.269  000.711  000.324: require('lazy.core.meta')
019.284  000.912  000.201: require('lazy.core.plugin')
019.300  001.879  000.637: require('lazy.core.loader')
020.145  000.159  000.159: require('lazy.core.fragments')
027.685  000.228  000.228: require('lazy.core.handler.event')
027.700  000.433  000.205: require('lazy.core.handler.ft')
027.967  000.255  000.255: require('lazy.core.handler.keys')
028.165  000.187  000.187: require('lazy.core.handler.cmd')
030.529  000.294  000.294: sourcing /usr/share/nvim/runtime/filetype.lua
032.282  000.043  000.043: sourcing /home/tenslime/.local/share/nvim/lazy/plenary.nvim/plugin/plenary.vim
032.686  000.276  000.276: sourcing /home/tenslime/.local/share/nvim/lazy/telescope.nvim/plugin/telescope.lua
033.150  000.353  000.353: require('telescope._extensions')
033.155  002.386  001.714: require('telescope')
033.477  000.066  000.066: require('telescope.state')
033.841  000.061  000.061: require('plenary.bit')
033.895  000.051  000.051: require('plenary.functional')
033.925  000.244  000.132: require('plenary.path')
033.938  000.333  000.089: require('plenary.strings')
034.030  000.090  000.090: require('telescope.deprecated')
034.357  000.042  000.042: require('vim.F')
034.387  000.203  000.162: require('plenary.log')
034.435  000.296  000.092: require('telescope.log')
034.863  000.105  000.105: require('plenary.compat')
034.880  000.296  000.191: require('plenary.job')
034.905  000.466  000.171: require('telescope.utils')
034.921  000.887  000.125: require('telescope.sorters')
037.403  003.922  002.612: require('telescope.config')
037.412  004.082  000.094: require('telescope.actions.state')
037.513  000.098  000.098: require('telescope.actions.utils')
037.610  000.052  000.052: require('telescope.config.resolve')
037.613  000.098  000.046: require('telescope.pickers.entry_display')
037.788  000.128  000.128: require('telescope.make_entry')
038.103  000.054  000.054: require('plenary.tbl')
038.108  000.103  000.048: require('plenary.vararg.rotate')
038.110  000.150  000.047: require('plenary.vararg')
038.145  000.034  000.034: require('plenary.errors')
038.150  000.257  000.073: require('plenary.async.async')
038.319  000.038  000.038: require('plenary.async.structs')
038.327  000.085  000.047: require('plenary.async.control')
038.332  000.145  000.060: require('plenary.async.util')
038.334  000.182  000.037: require('plenary.async.tests')
038.336  000.499  000.059: require('plenary.async')
038.339  000.548  000.050: require('telescope.finders.async_static_finder')
038.457  000.035  000.035: require('plenary.class')
038.509  000.129  000.095: require('telescope._')
038.512  000.172  000.043: require('telescope.finders.async_oneshot_finder')
038.557  000.043  000.043: require('telescope.finders.async_job_finder')
038.562  000.947  000.055: require('telescope.finders')
038.785  000.044  000.044: require('plenary.window.border')
038.833  000.045  000.045: require('plenary.window')
038.869  000.034  000.034: require('plenary.popup.utils')
038.873  000.185  000.062: require('plenary.popup')
039.070  000.050  000.050: require('telescope.pickers.scroller')
039.176  000.052  000.052: require('telescope.actions.mt')
039.192  000.119  000.067: require('telescope.actions.set')
039.235  000.041  000.041: require('telescope.from_entry')
039.521  000.646  000.437: require('telescope.actions')
039.609  000.085  000.085: require('telescope.debounce')
039.731  000.118  000.118: require('telescope.mappings')
039.802  000.068  000.068: require('telescope.pickers.highlights')
039.899  000.094  000.094: require('telescope.pickers.window')
040.036  000.067  000.067: require('telescope.algos.linked_list')
040.043  000.142  000.074: require('telescope.entry_manager')
040.103  000.058  000.058: require('telescope.pickers.multi')
040.126  001.563  000.166: require('telescope.pickers')
040.299  000.083  000.083: require('harpoon.utils')
040.420  000.118  000.118: require('harpoon.dev')
040.839  000.711  000.509: require('harpoon')
040.987  000.144  000.144: require('harpoon.mark')
040.992  007.777  000.134: require('telescope._extensions.marks')
040.994  007.837  000.059: require('telescope._extensions.harpoon')
041.795  000.038  000.038: sourcing /home/tenslime/.local/share/nvim/lazy/nvim-web-devicons/plugin/nvim-web-devicons.vim
042.313  000.024  000.024: sourcing /home/tenslime/.local/share/nvim/lazy/neo-tree.nvim/plugin/neo-tree.vim
044.028  000.282  000.282: require('neo-tree.log')
044.088  000.052  000.052: require('neo-tree.utils.filesize.filesize')
044.120  000.881  000.548: require('neo-tree.utils')
044.124  001.415  000.534: require('neo-tree')
044.383  000.148  000.148: require('neo-tree.defaults')
044.450  000.064  000.064: require('neo-tree.setup.mapping-helper')
044.629  000.045  000.045: require('neo-tree.collections')
044.634  000.094  000.049: require('neo-tree.events.queue')
044.637  000.185  000.091: require('neo-tree.events')
044.729  000.041  000.041: require('neo-tree.sources.filesystem.lib.globtopattern')
044.736  000.097  000.055: require('neo-tree.sources.common.file-nesting')
044.800  000.063  000.063: require('neo-tree.ui.highlights')
045.180  000.044  000.044: require('nui.object')
045.630  000.332  000.332: require('vim.version')
047.171  001.947  001.614: require('nui.utils')
047.208  002.024  000.078: require('nui.text')
047.219  002.124  000.056: require('nui.line')
047.349  000.044  000.044: require('nui.tree.util')
047.361  000.140  000.096: require('nui.tree')
047.479  000.042  000.042: require('nui.utils.buf_storage')
047.567  000.086  000.086: require('nui.utils.autocmd')
047.618  000.048  000.048: require('nui.utils.keymap')
047.723  000.053  000.053: require('nui.layout.utils')
047.727  000.107  000.054: require('nui.split.utils')
047.749  000.386  000.103: require('nui.split')
047.999  000.180  000.180: require('nui.popup.border')
048.024  000.273  000.093: require('nui.popup')
048.087  000.061  000.061: require('neo-tree.ui.popups')
048.130  000.040  000.040: require('neo-tree.ui.windows')
048.152  003.148  000.123: require('neo-tree.ui.renderer')
048.230  000.076  000.076: require('neo-tree.sources.filesystem.lib.filter_external')
048.291  000.058  000.058: require('neo-tree.sources.common.file-items')
048.562  000.079  000.079: require('neo-tree.git.utils')
048.567  000.173  000.094: require('neo-tree.git.status')
048.656  000.088  000.088: require('neo-tree.git.ignored')
048.660  000.309  000.049: require('neo-tree.git')
048.699  000.406  000.097: require('neo-tree.sources.filesystem.lib.fs_watch')
048.713  003.775  000.086: require('neo-tree.sources.filesystem.lib.fs_scan')
048.940  000.134  000.134: require('nui.input')
048.947  000.232  000.098: require('neo-tree.ui.inputs')
048.967  004.164  000.157: require('neo-tree.sources.manager')
049.202  000.074  000.074: require('neo-tree.command.parser')
049.278  000.073  000.073: require('neo-tree.command.completion')
049.286  000.241  000.094: require('neo-tree.command')
049.288  000.319  000.078: require('neo-tree.setup.netrw')
049.355  000.066  000.066: require('neo-tree.sources.common.hijack_cursor')
049.364  005.238  000.132: require('neo-tree.setup')
050.060  000.100  000.100: require('neo-tree.setup.deprecations')
052.441  000.230  000.230: require('neo-tree.sources.filesystem')
052.642  000.076  000.076: require('neo-tree.sources.buffers.lib.items')
052.651  000.195  000.119: require('neo-tree.sources.buffers')
052.802  000.064  000.064: require('neo-tree.sources.git_status.lib.items')
052.809  000.153  000.089: require('neo-tree.sources.git_status')
053.469  000.128  000.128: require('neo-tree.sources.common.container')
053.479  000.288  000.160: require('neo-tree.sources.common.components')
053.572  000.454  000.166: require('neo-tree.sources.filesystem.components')
055.069  000.232  000.232: require('plenary.scandir')
055.120  000.043  000.043: require('plenary')
055.131  000.690  000.415: require('neo-tree.sources.filesystem.lib.fs_actions')
055.184  000.050  000.050: require('neo-tree.sources.common.help')
055.257  000.071  000.071: require('neo-tree.sources.common.preview')
055.307  000.047  000.047: require('neo-tree.sources.common.node_expander')
055.324  001.403  000.545: require('neo-tree.sources.common.commands')
055.385  000.059  000.059: require('neo-tree.sources.filesystem.lib.filter')
055.471  001.896  000.433: require('neo-tree.sources.filesystem.commands')
055.852  000.068  000.068: require('neo-tree.sources.buffers.components')
055.914  000.058  000.058: require('neo-tree.sources.buffers.commands')
056.098  000.055  000.055: require('neo-tree.sources.git_status.components')
056.157  000.056  000.056: require('neo-tree.sources.git_status.commands')
058.227  000.648  000.648: require('alpha')
059.019  000.584  000.584: require('nvim-web-devicons.icons-default')
059.267  000.938  000.354: require('nvim-web-devicons')
059.937  000.666  000.666: require('mini.icons')
059.945  001.653  000.049: require('alpha.utils')
060.045  000.097  000.097: require('alpha.themes.dashboard')
060.062  001.831  000.080: require('alpha.themes.theta')
060.858  000.085  000.085: require('nvim-treesitter.utils')
062.065  000.096  000.096: require('vim.treesitter.language')
062.124  000.053  000.053: require('vim.func')
062.232  000.095  000.095: require('vim.func._memoize')
062.256  000.486  000.241: require('vim.treesitter.query')
062.359  000.101  000.101: require('vim.treesitter._range')
062.380  000.841  000.255: require('vim.treesitter.languagetree')
062.389  001.110  000.268: require('vim.treesitter')
063.352  002.490  001.380: require('nvim-treesitter.parsers')
063.804  000.079  000.079: require('nvim-treesitter.compat')
064.027  000.125  000.125: require('nvim-treesitter.ts_utils')
064.037  000.229  000.104: require('nvim-treesitter.tsrange')
064.099  000.060  000.060: require('nvim-treesitter.caching')
064.125  000.510  000.141: require('nvim-treesitter.query')
064.148  000.651  000.141: require('nvim-treesitter.configs')
064.153  000.796  000.145: require('nvim-treesitter.info')
064.287  000.132  000.132: require('nvim-treesitter.shell_command_selectors')
064.333  003.678  000.175: require('nvim-treesitter.install')
064.405  000.070  000.070: require('nvim-treesitter.statusline')
064.509  000.101  000.101: require('nvim-treesitter.query_predicates')
064.513  004.114  000.264: require('nvim-treesitter')
064.963  004.617  000.503: sourcing /home/tenslime/.local/share/nvim/lazy/nvim-treesitter/plugin/nvim-treesitter.lua
068.219  000.494  000.494: require('mason-core.functional')
068.550  000.319  000.319: require('mason-core.path')
068.864  000.311  000.311: require('mason.settings')
068.972  001.473  000.350: require('mason-core.log')
068.977  001.682  000.209: require('mason-core.EventEmitter')
069.304  000.325  000.325: require('mason-core.optional')
069.433  000.065  000.065: require('mason-core.async')
069.481  000.045  000.045: require('mason-core.async.uv')
069.487  000.180  000.071: require('mason-core.fs')
069.549  000.059  000.059: require('mason-registry.sources')
069.681  000.040  000.040: require('mason-core.functional.data')
069.734  000.050  000.050: require('mason-core.functional.function')
069.754  000.201  000.110: require('mason-core.functional.list')
069.781  003.167  000.720: require('mason-registry')
069.797  003.809  000.642: require('mason-tool-installer')
069.839  003.929  000.120: sourcing /home/tenslime/.local/share/nvim/lazy/mason-tool-installer.nvim/plugin/mason-tool-installer.lua
071.790  000.050  000.050: require('mason-core.functional.relation')
071.862  000.058  000.058: require('mason-core.functional.logic')
071.877  000.247  000.139: require('mason-core.platform')
071.880  000.332  000.085: require('mason')
072.135  000.052  000.052: require('mason-core.functional.string')
072.159  000.169  000.117: require('mason.api.command')
072.746  000.398  000.398: require('catppuccin')
072.909  000.049  000.049: require('catppuccin.lib.hashing')
074.964  001.440  001.440: sourcing /home/tenslime/.local/share/nvim/lazy/catppuccin/colors/catppuccin.vim
076.347  000.121  000.121: require('vim.lsp.log')
076.763  000.409  000.409: require('vim.lsp.protocol')
077.224  000.197  000.197: require('vim.lsp._snippet_grammar')
077.280  000.051  000.051: require('vim.highlight')
077.295  000.525  000.277: require('vim.lsp.util')
077.391  000.040  000.040: require('vim.lsp.sync')
077.396  000.098  000.058: require('vim.lsp._changetracking')
077.486  000.088  000.088: require('vim.lsp.rpc')
077.596  001.514  000.273: require('vim.lsp')
077.647  001.654  000.140: sourcing /home/tenslime/.local/share/nvim/lazy/nvim-lspconfig/plugin/lspconfig.lua
078.212  000.135  000.135: require('lspconfig.util')
078.265  000.049  000.049: require('lspconfig.async')
078.269  000.252  000.068: require('lspconfig.configs')
078.271  000.581  000.329: require('lspconfig')
078.869  000.268  000.268: require('cmp_nvim_lsp.source')
078.875  000.602  000.333: require('cmp_nvim_lsp')
078.930  000.049  000.049: require('lspconfig.server_configurations.lua_ls')
079.160  000.064  000.064: require('lspconfig.manager')
080.160  000.069  000.069: require('cmp.utils.api')
080.259  000.046  000.046: require('cmp.types.cmp')
080.380  000.056  000.056: require('cmp.utils.misc')
080.427  000.166  000.109: require('cmp.types.lsp')
080.501  000.071  000.071: require('cmp.types.vim')
080.504  000.340  000.057: require('cmp.types')
080.567  000.060  000.060: require('cmp.utils.highlight')
080.657  000.040  000.040: require('cmp.utils.debug')
080.667  000.098  000.058: require('cmp.utils.autocmd')
081.153  001.144  000.577: sourcing /home/tenslime/.local/share/nvim/lazy/nvim-cmp/plugin/cmp.lua
081.558  000.105  000.105: require('cmp.utils.char')
081.566  000.164  000.059: require('cmp.utils.str')
081.736  000.041  000.041: require('cmp.utils.buffer')
081.743  000.125  000.084: require('cmp.utils.keymap')
081.746  000.178  000.053: require('cmp.utils.feedkeys')
081.962  000.062  000.062: require('cmp.config.mapping')
082.008  000.044  000.044: require('cmp.utils.cache')
082.157  000.087  000.087: require('cmp.config.compare')
082.160  000.148  000.061: require('cmp.config.default')
082.185  000.345  000.090: require('cmp.config')
082.197  000.450  000.105: require('cmp.utils.async')
082.294  000.041  000.041: require('cmp.utils.pattern')
082.299  000.100  000.059: require('cmp.context')
082.576  000.110  000.110: require('cmp.utils.snippet')
082.636  000.057  000.057: require('cmp.matcher')
082.643  000.264  000.097: require('cmp.entry')
082.649  000.349  000.085: require('cmp.source')
082.758  000.042  000.042: require('cmp.utils.event')
083.016  000.040  000.040: require('cmp.utils.options')
083.024  000.117  000.077: require('cmp.utils.window')
083.027  000.221  000.104: require('cmp.view.docs_view')
083.123  000.095  000.095: require('cmp.view.custom_entries_view')
083.200  000.074  000.074: require('cmp.view.wildmenu_entries_view')
083.266  000.064  000.064: require('cmp.view.native_entries_view')
083.342  000.073  000.073: require('cmp.view.ghost_text_view')
083.356  000.705  000.135: require('cmp.view')
083.935  002.634  000.689: require('cmp.core')
084.163  000.068  000.068: require('cmp.config.sources')
084.212  000.045  000.045: require('cmp.config.window')
084.278  003.078  000.331: require('cmp')
086.289  000.073  000.073: require('null-ls.utils.tbl_flatten')
086.311  000.253  000.180: require('null-ls.utils')
086.765  000.450  000.450: require('vim.diagnostic')
086.807  000.827  000.123: require('null-ls.config')
087.007  000.063  000.063: require('null-ls.helpers.cache')
087.123  000.112  000.112: require('null-ls.helpers.diagnostics')
087.183  000.057  000.057: require('null-ls.helpers.formatter_factory')
087.429  000.113  000.113: require('null-ls.logger')
087.525  000.092  000.092: require('null-ls.state')
087.529  000.344  000.139: require('null-ls.helpers.generator_factory')
087.713  000.097  000.097: require('null-ls.helpers.command_resolver')
087.716  000.185  000.088: require('null-ls.helpers.make_builtin')
087.784  000.066  000.066: require('null-ls.helpers.range_formatting_args_factory')
087.786  000.976  000.149: require('null-ls.helpers')
088.183  000.118  000.118: require('null-ls.methods')
088.193  000.258  000.140: require('null-ls.diagnostics')
088.204  000.416  000.158: require('null-ls.sources')
088.286  000.079  000.079: require('null-ls.builtins')
088.291  002.695  000.398: require('null-ls')
088.406  000.101  000.101: require('null-ls.builtins.formatting.stylua')
088.986  000.132  000.132: require('null-ls.loop')
088.997  000.283  000.150: require('null-ls.client')
093.481  003.758  003.758: require('vim.filetype')
094.555  000.083  000.083: require('luasnip.util.types')
094.569  000.194  000.111: require('luasnip.util.ext_opts')
094.878  000.093  000.093: require('luasnip.util.lazy_table')
094.959  000.077  000.077: require('luasnip.extras.filetype_functions')
094.987  000.334  000.164: require('luasnip.default_config')
094.990  000.418  000.084: require('luasnip.session')
094.996  001.180  000.567: require('luasnip.config')
096.031  000.755  000.755: require('luasnip.util.util')
096.742  000.280  000.280: require('luasnip.nodes.key_indexer')
096.770  000.730  000.449: require('luasnip.nodes.util')
097.284  000.184  000.184: require('luasnip.session.snippet_collection.source')
097.433  000.145  000.145: require('luasnip.util.table')
097.585  000.149  000.149: require('luasnip.util.auto_table')
097.620  000.848  000.370: require('luasnip.session.snippet_collection')
098.523  000.343  000.343: require('luasnip.util.select')
098.765  000.239  000.239: require('luasnip.util.time')
099.515  001.644  001.062: require('luasnip.util._builtin_vars')
099.637  002.015  000.372: require('luasnip.util.environ')
099.885  000.246  000.246: require('luasnip.util.extend_decorator')
100.485  000.335  000.335: require('luasnip.util.path')
100.634  000.069  000.069: require('luasnip.util.log')
100.642  000.154  000.085: require('luasnip.loaders.util')
100.688  000.044  000.044: require('luasnip.loaders.data')
100.793  000.103  000.103: require('luasnip.loaders.fs_watchers')
100.798  000.909  000.274: require('luasnip.loaders')
100.840  005.829  000.326: require('luasnip')
100.867  011.249  000.483: sourcing /home/tenslime/.local/share/nvim/lazy/LuaSnip/plugin/luasnip.lua
100.949  000.030  000.030: sourcing /home/tenslime/.local/share/nvim/lazy/LuaSnip/plugin/luasnip.vim
101.091  000.041  000.041: require('luasnip.session.enqueueable_operations')
101.344  000.038  000.038: require('luasnip.util.events')
101.356  000.112  000.074: require('luasnip.nodes.node')
101.500  000.143  000.143: require('luasnip.nodes.insertNode')
101.591  000.088  000.088: require('luasnip.nodes.textNode')
101.653  000.058  000.058: require('luasnip.util.mark')
101.704  000.049  000.049: require('luasnip.util.pattern_tokenizer')
101.745  000.039  000.039: require('luasnip.util.dict')
102.231  000.440  000.440: require('luasnip.util.jsregexp')
102.238  000.490  000.050: require('luasnip.nodes.util.trig_engines')
102.333  001.189  000.211: require('luasnip.nodes.snippet')
102.513  000.051  000.051: require('luasnip.util.parser.neovim_ast')
102.568  000.051  000.051: require('luasnip.util.str')
102.875  000.302  000.302: require('luasnip.util.jsregexp')
102.943  000.065  000.065: require('luasnip.util.directed_graph')
102.949  000.542  000.073: require('luasnip.util.parser.ast_utils')
103.022  000.070  000.070: require('luasnip.nodes.functionNode')
103.111  000.086  000.086: require('luasnip.nodes.choiceNode')
103.219  000.105  000.105: require('luasnip.nodes.dynamicNode')
103.269  000.047  000.047: require('luasnip.util.functions')
103.277  000.941  000.089: require('luasnip.util.parser.ast_parser')
103.376  000.097  000.097: require('luasnip.util.parser.neovim_parser')
103.383  002.289  000.062: require('luasnip.util.parser')
103.435  000.049  000.049: require('luasnip.nodes.snippetProxy')
103.548  000.109  000.109: require('luasnip.util.jsonc')
103.644  000.043  000.043: require('luasnip.nodes.duplicate')
103.647  000.095  000.051: require('luasnip.loaders.snippet_cache')
103.657  002.684  000.101: require('luasnip.loaders.from_vscode')
106.747  000.087  000.087: require('luasnip.nodes.multiSnippet')
107.955  000.057  000.057: sourcing /home/tenslime/.local/share/nvim/lazy/lspsaga.nvim/plugin/lspsaga.lua
108.417  000.433  000.433: require('lspsaga')
108.584  000.055  000.055: require('lspsaga.lspkind')
108.588  000.121  000.066: require('lspsaga.highlight')
110.059  001.173  001.173: require('lspsaga.codeaction.lightbulb')
112.184  001.147  001.147: require('lspsaga.symbol.head')
112.807  000.057  000.057: sourcing /home/tenslime/.local/share/nvim/lazy/barbar.nvim/plugin/barbar.lua
113.380  000.043  000.043: require('barbar.animate')
113.531  000.038  000.038: require('barbar.fs')
113.667  000.035  000.035: require('barbar.utils.table')
113.704  000.034  000.034: require('barbar.utils')
113.709  000.133  000.064: require('barbar.config')
113.746  000.035  000.035: require('barbar.utils.list')
113.792  000.258  000.091: require('barbar.buffer')
113.935  000.041  000.041: require('barbar.utils.highlight')
113.939  000.085  000.043: require('barbar.icons')
113.943  000.148  000.063: require('barbar.ui.layout')
113.979  000.035  000.035: require('barbar.constants')
113.997  000.565  000.086: require('barbar.state')
114.000  000.616  000.051: require('barbar.bbye')
114.043  000.041  000.041: require('barbar.jump_mode')
114.144  000.040  000.040: require('barbar.ui.nodes')
114.152  000.107  000.067: require('barbar.ui.render')
114.164  000.901  000.094: require('barbar.api')
114.616  000.390  000.390: require('barbar.highlight')
114.626  000.460  000.070: require('barbar.events')
114.629  001.721  000.360: require('barbar')
120.152  000.103  000.103: sourcing /usr/share/nvim/runtime/plugin/editorconfig.lua
120.739  000.550  000.550: sourcing /usr/share/nvim/runtime/plugin/fzf.vim
120.956  000.174  000.174: sourcing /usr/share/nvim/runtime/plugin/gzip.vim
121.132  000.148  000.148: sourcing /usr/share/nvim/runtime/plugin/man.lua
121.791  000.197  000.197: sourcing /usr/share/nvim/runtime/pack/dist/opt/matchit/plugin/matchit.vim
121.814  000.649  000.452: sourcing /usr/share/nvim/runtime/plugin/matchit.vim
122.067  000.142  000.142: sourcing /usr/share/nvim/runtime/plugin/matchparen.vim
122.381  000.287  000.287: sourcing /usr/share/nvim/runtime/plugin/netrwPlugin.vim
122.541  000.092  000.092: sourcing /usr/share/nvim/runtime/plugin/osc52.lua
122.733  000.158  000.158: sourcing /usr/share/nvim/runtime/plugin/rplugin.vim
122.876  000.080  000.080: sourcing /usr/share/nvim/runtime/plugin/shada.vim
122.945  000.021  000.021: sourcing /usr/share/nvim/runtime/plugin/spellfile.vim
123.122  000.098  000.098: sourcing /usr/share/nvim/runtime/plugin/tarPlugin.vim
123.291  000.080  000.080: sourcing /usr/share/nvim/runtime/plugin/tohtml.lua
123.348  000.022  000.022: sourcing /usr/share/nvim/runtime/plugin/tutor.vim
123.515  000.138  000.138: sourcing /usr/share/nvim/runtime/plugin/zipPlugin.vim
123.945  000.103  000.103: require('cmp_luasnip')
124.003  000.237  000.134: sourcing /home/tenslime/.local/share/nvim/lazy/cmp_luasnip/after/plugin/cmp_luasnip.lua
124.244  000.118  000.118: require('cmp_cmdline')
124.265  000.178  000.060: sourcing /home/tenslime/.local/share/nvim/lazy/cmp-cmdline/after/plugin/cmp_cmdline.lua
124.488  000.085  000.085: require('cmp_path')
124.507  000.144  000.059: sourcing /home/tenslime/.local/share/nvim/lazy/cmp-path/after/plugin/cmp_path.lua
124.885  000.068  000.068: require('cmp_buffer.timer')
124.891  000.135  000.068: require('cmp_buffer.buffer')
124.894  000.209  000.073: require('cmp_buffer.source')
124.896  000.251  000.042: require('cmp_buffer')
124.923  000.317  000.067: sourcing /home/tenslime/.local/share/nvim/lazy/cmp-buffer/after/plugin/cmp_buffer.lua
125.075  000.061  000.061: sourcing /home/tenslime/.local/share/nvim/lazy/cmp-nvim-lsp/after/plugin/cmp_nvim_lsp.lua
125.145  112.944  038.839: require('config.lazy')
126.165  000.064  000.064: sourcing /home/tenslime/.local/share/nvim/lazy/which-key.nvim/plugin/which-key.lua
126.681  000.402  000.402: require('which-key')
126.817  000.130  000.130: require('which-key.config')
126.895  001.668  001.071: require('which-key')
126.997  000.099  000.099: require('harpoon.ui')
127.029  001.881  000.115: require('config.keymaps')
127.090  000.059  000.059: require('config.autocmds')
127.093  115.246  000.068: sourcing /home/tenslime/.config/nvim/init.lua
127.102  001.118: sourcing vimrc file(s)
127.376  000.047  000.047: sourcing /usr/share/nvim/runtime/filetype.lua
127.720  000.086  000.086: sourcing /usr/share/nvim/runtime/syntax/synload.vim
127.899  000.422  000.337: sourcing /usr/share/nvim/runtime/syntax/syntax.vim
127.912  000.340: inits 3
129.410  001.499: reading ShaDa
129.996  000.152  000.152: require('luasnip.loaders.from_lua')
130.101  000.096  000.096: require('luasnip.loaders.from_snipmate')
130.145  000.487: opening buffers
130.509  000.364: BufEnter autocommands
130.513  000.004: editing files in windows
138.290  007.777: VimEnter autocommands
138.593  000.303: UIEnter autocommands
139.024  000.253  000.253: sourcing /usr/share/nvim/runtime/autoload/provider/clipboard.vim
139.035  000.189: before starting main loop
140.197  001.163: first screen update
140.203  000.006: --- NVIM STARTED ---

